mode: set
github.com/yaasin-raki2/Joker-s_Mask/render/render.go:34.103,35.37 1 1
github.com/yaasin-raki2/Joker-s_Mask/render/render.go:42.2,42.52 1 1
github.com/yaasin-raki2/Joker-s_Mask/render/render.go:36.12,37.36 1 1
github.com/yaasin-raki2/Joker-s_Mask/render/render.go:38.13,39.48 1 1
github.com/yaasin-raki2/Joker-s_Mask/render/render.go:40.10,40.10 0 1
github.com/yaasin-raki2/Joker-s_Mask/render/render.go:46.94,48.16 2 1
github.com/yaasin-raki2/Joker-s_Mask/render/render.go:51.2,52.17 2 1
github.com/yaasin-raki2/Joker-s_Mask/render/render.go:55.2,56.16 2 1
github.com/yaasin-raki2/Joker-s_Mask/render/render.go:59.2,59.12 1 1
github.com/yaasin-raki2/Joker-s_Mask/render/render.go:48.16,50.3 1 1
github.com/yaasin-raki2/Joker-s_Mask/render/render.go:52.17,54.3 1 0
github.com/yaasin-raki2/Joker-s_Mask/render/render.go:56.16,58.3 1 0
github.com/yaasin-raki2/Joker-s_Mask/render/render.go:63.114,66.22 2 1
github.com/yaasin-raki2/Joker-s_Mask/render/render.go:72.2,74.17 2 1
github.com/yaasin-raki2/Joker-s_Mask/render/render.go:78.2,80.16 2 1
github.com/yaasin-raki2/Joker-s_Mask/render/render.go:85.2,85.46 1 1
github.com/yaasin-raki2/Joker-s_Mask/render/render.go:90.2,90.12 1 1
github.com/yaasin-raki2/Joker-s_Mask/render/render.go:66.22,68.3 1 1
github.com/yaasin-raki2/Joker-s_Mask/render/render.go:68.8,70.3 1 0
github.com/yaasin-raki2/Joker-s_Mask/render/render.go:74.17,76.3 1 0
github.com/yaasin-raki2/Joker-s_Mask/render/render.go:80.16,83.3 2 1
github.com/yaasin-raki2/Joker-s_Mask/render/render.go:85.46,88.3 2 0
github.com/yaasin-raki2/Joker-s_Mask/session/session.go:21.53,26.16 3 1
github.com/yaasin-raki2/Joker-s_Mask/session/session.go:31.2,31.48 1 1
github.com/yaasin-raki2/Joker-s_Mask/session/session.go:36.2,36.47 1 1
github.com/yaasin-raki2/Joker-s_Mask/session/session.go:41.2,50.40 8 1
github.com/yaasin-raki2/Joker-s_Mask/session/session.go:61.2,61.16 1 1
github.com/yaasin-raki2/Joker-s_Mask/session/session.go:26.16,28.3 1 0
github.com/yaasin-raki2/Joker-s_Mask/session/session.go:31.48,33.3 1 1
github.com/yaasin-raki2/Joker-s_Mask/session/session.go:36.47,38.3 1 0
github.com/yaasin-raki2/Joker-s_Mask/session/session.go:51.15,51.15 0 0
github.com/yaasin-raki2/Joker-s_Mask/session/session.go:53.24,53.24 0 0
github.com/yaasin-raki2/Joker-s_Mask/session/session.go:55.30,55.30 0 0
github.com/yaasin-raki2/Joker-s_Mask/session/session.go:57.10,57.10 0 1
